1618678247.064497 client started (36442): version 3.2, socket /tmp/tmux-1000/default, protocol 8
1618678247.064512 on Linux 5.11.14-arch1-1 #1 SMP PREEMPT Wed, 14 Apr 2021 12:06:34 +0000
1618678247.064518 using libevent 2.1.12-stable (poll); ncurses 6.2
1618678247.064528 flags are 0x18010000
1618678247.064531 socket is /tmp/tmux-1000/default
1618678247.064538 trying connect
1618678247.064583 add peer 0x55f577c5d5e0: 6 ((nil))
1618678247.064752 sending message 100 to peer 0x55f577c5d5e0 (4 bytes)
1618678247.064758 sending message 111 to peer 0x55f577c5d5e0 (8 bytes)
1618678247.064761 sending message 101 to peer 0x55f577c5d5e0 (10 bytes)
1618678247.064764 sending message 109 to peer 0x55f577c5d5e0 (4 bytes)
1618678247.064766 sending message 102 to peer 0x55f577c5d5e0 (11 bytes)
1618678247.064769 sending message 108 to peer 0x55f577c5d5e0 (22 bytes)
1618678247.064771 sending message 112 to peer 0x55f577c5d5e0 (58 bytes)
1618678247.064774 sending message 112 to peer 0x55f577c5d5e0 (5 bytes)
1618678247.064776 sending message 112 to peer 0x55f577c5d5e0 (5 bytes)
1618678247.064779 sending message 112 to peer 0x55f577c5d5e0 (6 bytes)
1618678247.064781 sending message 112 to peer 0x55f577c5d5e0 (6 bytes)
1618678247.064784 sending message 112 to peer 0x55f577c5d5e0 (11 bytes)
1618678247.064786 sending message 112 to peer 0x55f577c5d5e0 (10 bytes)
1618678247.064789 sending message 112 to peer 0x55f577c5d5e0 (13 bytes)
1618678247.064791 sending message 112 to peer 0x55f577c5d5e0 (14 bytes)
1618678247.064793 sending message 112 to peer 0x55f577c5d5e0 (19 bytes)
1618678247.064796 sending message 112 to peer 0x55f577c5d5e0 (11 bytes)
1618678247.064799 sending message 112 to peer 0x55f577c5d5e0 (10 bytes)
1618678247.064801 sending message 112 to peer 0x55f577c5d5e0 (15 bytes)
1618678247.064803 sending message 112 to peer 0x55f577c5d5e0 (21 bytes)
1618678247.064806 sending message 112 to peer 0x55f577c5d5e0 (13 bytes)
1618678247.064808 sending message 112 to peer 0x55f577c5d5e0 (7 bytes)
1618678247.064811 sending message 112 to peer 0x55f577c5d5e0 (13 bytes)
1618678247.064813 sending message 112 to peer 0x55f577c5d5e0 (7 bytes)
1618678247.064816 sending message 112 to peer 0x55f577c5d5e0 (13 bytes)
1618678247.064818 sending message 112 to peer 0x55f577c5d5e0 (9 bytes)
1618678247.064821 sending message 112 to peer 0x55f577c5d5e0 (21 bytes)
1618678247.064823 sending message 112 to peer 0x55f577c5d5e0 (13 bytes)
1618678247.064826 sending message 112 to peer 0x55f577c5d5e0 (9 bytes)
1618678247.064828 sending message 112 to peer 0x55f577c5d5e0 (16 bytes)
1618678247.064830 sending message 112 to peer 0x55f577c5d5e0 (13 bytes)
1618678247.064833 sending message 112 to peer 0x55f577c5d5e0 (9 bytes)
1618678247.064835 sending message 112 to peer 0x55f577c5d5e0 (9 bytes)
1618678247.064838 sending message 112 to peer 0x55f577c5d5e0 (12 bytes)
1618678247.064840 sending message 112 to peer 0x55f577c5d5e0 (8 bytes)
1618678247.064842 sending message 112 to peer 0x55f577c5d5e0 (8 bytes)
1618678247.064845 sending message 112 to peer 0x55f577c5d5e0 (13 bytes)
1618678247.064847 sending message 112 to peer 0x55f577c5d5e0 (7 bytes)
1618678247.064850 sending message 112 to peer 0x55f577c5d5e0 (7 bytes)
1618678247.064852 sending message 112 to peer 0x55f577c5d5e0 (9 bytes)
1618678247.064855 sending message 112 to peer 0x55f577c5d5e0 (6 bytes)
1618678247.064857 sending message 112 to peer 0x55f577c5d5e0 (9 bytes)
1618678247.064859 sending message 112 to peer 0x55f577c5d5e0 (15 bytes)
1618678247.064862 sending message 112 to peer 0x55f577c5d5e0 (13 bytes)
1618678247.064864 sending message 112 to peer 0x55f577c5d5e0 (12 bytes)
1618678247.064867 sending message 112 to peer 0x55f577c5d5e0 (8 bytes)
1618678247.064869 sending message 112 to peer 0x55f577c5d5e0 (14 bytes)
1618678247.064872 sending message 112 to peer 0x55f577c5d5e0 (11 bytes)
1618678247.064874 sending message 112 to peer 0x55f577c5d5e0 (9 bytes)
1618678247.064876 sending message 112 to peer 0x55f577c5d5e0 (10 bytes)
1618678247.064879 sending message 112 to peer 0x55f577c5d5e0 (10 bytes)
1618678247.064881 sending message 112 to peer 0x55f577c5d5e0 (10 bytes)
1618678247.064895 sending message 112 to peer 0x55f577c5d5e0 (10 bytes)
1618678247.064898 sending message 112 to peer 0x55f577c5d5e0 (11 bytes)
1618678247.064901 sending message 112 to peer 0x55f577c5d5e0 (12 bytes)
1618678247.064903 sending message 112 to peer 0x55f577c5d5e0 (12 bytes)
1618678247.064905 sending message 112 to peer 0x55f577c5d5e0 (12 bytes)
1618678247.064908 sending message 112 to peer 0x55f577c5d5e0 (12 bytes)
1618678247.064910 sending message 112 to peer 0x55f577c5d5e0 (12 bytes)
1618678247.064913 sending message 112 to peer 0x55f577c5d5e0 (11 bytes)
1618678247.064915 sending message 112 to peer 0x55f577c5d5e0 (11 bytes)
1618678247.064917 sending message 112 to peer 0x55f577c5d5e0 (12 bytes)
1618678247.064920 sending message 112 to peer 0x55f577c5d5e0 (12 bytes)
1618678247.064922 sending message 112 to peer 0x55f577c5d5e0 (12 bytes)
1618678247.064925 sending message 112 to peer 0x55f577c5d5e0 (12 bytes)
1618678247.064927 sending message 112 to peer 0x55f577c5d5e0 (12 bytes)
1618678247.064929 sending message 112 to peer 0x55f577c5d5e0 (9 bytes)
1618678247.064932 sending message 112 to peer 0x55f577c5d5e0 (12 bytes)
1618678247.064934 sending message 112 to peer 0x55f577c5d5e0 (13 bytes)
1618678247.064937 sending message 112 to peer 0x55f577c5d5e0 (13 bytes)
1618678247.064939 sending message 112 to peer 0x55f577c5d5e0 (13 bytes)
1618678247.064941 sending message 112 to peer 0x55f577c5d5e0 (13 bytes)
1618678247.064944 sending message 112 to peer 0x55f577c5d5e0 (13 bytes)
1618678247.064946 sending message 112 to peer 0x55f577c5d5e0 (8 bytes)
1618678247.064949 sending message 112 to peer 0x55f577c5d5e0 (11 bytes)
1618678247.064951 sending message 112 to peer 0x55f577c5d5e0 (11 bytes)
1618678247.064954 sending message 112 to peer 0x55f577c5d5e0 (11 bytes)
1618678247.064956 sending message 112 to peer 0x55f577c5d5e0 (12 bytes)
1618678247.064959 sending message 112 to peer 0x55f577c5d5e0 (12 bytes)
1618678247.064961 sending message 112 to peer 0x55f577c5d5e0 (12 bytes)
1618678247.064963 sending message 112 to peer 0x55f577c5d5e0 (12 bytes)
1618678247.064966 sending message 112 to peer 0x55f577c5d5e0 (13 bytes)
1618678247.064968 sending message 112 to peer 0x55f577c5d5e0 (13 bytes)
1618678247.064971 sending message 112 to peer 0x55f577c5d5e0 (13 bytes)
1618678247.064973 sending message 112 to peer 0x55f577c5d5e0 (8 bytes)
1618678247.064975 sending message 112 to peer 0x55f577c5d5e0 (13 bytes)
1618678247.064978 sending message 112 to peer 0x55f577c5d5e0 (13 bytes)
1618678247.064980 sending message 112 to peer 0x55f577c5d5e0 (13 bytes)
1618678247.064983 sending message 112 to peer 0x55f577c5d5e0 (13 bytes)
1618678247.064985 sending message 112 to peer 0x55f577c5d5e0 (13 bytes)
1618678247.064987 sending message 112 to peer 0x55f577c5d5e0 (12 bytes)
1618678247.064990 sending message 112 to peer 0x55f577c5d5e0 (12 bytes)
1618678247.064992 sending message 112 to peer 0x55f577c5d5e0 (12 bytes)
1618678247.064995 sending message 112 to peer 0x55f577c5d5e0 (12 bytes)
1618678247.065017 sending message 112 to peer 0x55f577c5d5e0 (13 bytes)
1618678247.065023 sending message 112 to peer 0x55f577c5d5e0 (8 bytes)
1618678247.065027 sending message 112 to peer 0x55f577c5d5e0 (13 bytes)
1618678247.065032 sending message 112 to peer 0x55f577c5d5e0 (13 bytes)
1618678247.065044 sending message 112 to peer 0x55f577c5d5e0 (13 bytes)
1618678247.065047 sending message 112 to peer 0x55f577c5d5e0 (13 bytes)
1618678247.065049 sending message 112 to peer 0x55f577c5d5e0 (13 bytes)
1618678247.065061 sending message 112 to peer 0x55f577c5d5e0 (13 bytes)
1618678247.065063 sending message 112 to peer 0x55f577c5d5e0 (13 bytes)
1618678247.065066 sending message 112 to peer 0x55f577c5d5e0 (12 bytes)
1618678247.065068 sending message 112 to peer 0x55f577c5d5e0 (12 bytes)
1618678247.065070 sending message 112 to peer 0x55f577c5d5e0 (12 bytes)
1618678247.065073 sending message 112 to peer 0x55f577c5d5e0 (8 bytes)
1618678247.065075 sending message 112 to peer 0x55f577c5d5e0 (12 bytes)
1618678247.065077 sending message 112 to peer 0x55f577c5d5e0 (13 bytes)
1618678247.065084 sending message 112 to peer 0x55f577c5d5e0 (13 bytes)
1618678247.065087 sending message 112 to peer 0x55f577c5d5e0 (13 bytes)
1618678247.065089 sending message 112 to peer 0x55f577c5d5e0 (13 bytes)
1618678247.065092 sending message 112 to peer 0x55f577c5d5e0 (13 bytes)
1618678247.065094 sending message 112 to peer 0x55f577c5d5e0 (13 bytes)
1618678247.065097 sending message 112 to peer 0x55f577c5d5e0 (13 bytes)
1618678247.065099 sending message 112 to peer 0x55f577c5d5e0 (13 bytes)
1618678247.065101 sending message 112 to peer 0x55f577c5d5e0 (12 bytes)
1618678247.065104 sending message 112 to peer 0x55f577c5d5e0 (10 bytes)
1618678247.065106 sending message 112 to peer 0x55f577c5d5e0 (12 bytes)
1618678247.065109 sending message 112 to peer 0x55f577c5d5e0 (12 bytes)
1618678247.065111 sending message 112 to peer 0x55f577c5d5e0 (12 bytes)
1618678247.065113 sending message 112 to peer 0x55f577c5d5e0 (13 bytes)
1618678247.065116 sending message 112 to peer 0x55f577c5d5e0 (13 bytes)
1618678247.065118 sending message 112 to peer 0x55f577c5d5e0 (13 bytes)
1618678247.065121 sending message 112 to peer 0x55f577c5d5e0 (13 bytes)
1618678247.065123 sending message 112 to peer 0x55f577c5d5e0 (13 bytes)
1618678247.065125 sending message 112 to peer 0x55f577c5d5e0 (13 bytes)
1618678247.065128 sending message 112 to peer 0x55f577c5d5e0 (13 bytes)
1618678247.065130 sending message 112 to peer 0x55f577c5d5e0 (10 bytes)
1618678247.065133 sending message 112 to peer 0x55f577c5d5e0 (13 bytes)
1618678247.065142 sending message 112 to peer 0x55f577c5d5e0 (12 bytes)
1618678247.065145 sending message 112 to peer 0x55f577c5d5e0 (12 bytes)
1618678247.065148 sending message 112 to peer 0x55f577c5d5e0 (12 bytes)
1618678247.065150 sending message 112 to peer 0x55f577c5d5e0 (10 bytes)
1618678247.065153 sending message 112 to peer 0x55f577c5d5e0 (10 bytes)
1618678247.065155 sending message 112 to peer 0x55f577c5d5e0 (10 bytes)
1618678247.065157 sending message 112 to peer 0x55f577c5d5e0 (12 bytes)
1618678247.065160 sending message 112 to peer 0x55f577c5d5e0 (13 bytes)
1618678247.065162 sending message 112 to peer 0x55f577c5d5e0 (13 bytes)
1618678247.065165 sending message 112 to peer 0x55f577c5d5e0 (13 bytes)
1618678247.065167 sending message 112 to peer 0x55f577c5d5e0 (13 bytes)
1618678247.065170 sending message 112 to peer 0x55f577c5d5e0 (13 bytes)
1618678247.065172 sending message 112 to peer 0x55f577c5d5e0 (10 bytes)
1618678247.065174 sending message 112 to peer 0x55f577c5d5e0 (11 bytes)
1618678247.065177 sending message 112 to peer 0x55f577c5d5e0 (12 bytes)
1618678247.065179 sending message 112 to peer 0x55f577c5d5e0 (12 bytes)
1618678247.065182 sending message 112 to peer 0x55f577c5d5e0 (12 bytes)
1618678247.065184 sending message 112 to peer 0x55f577c5d5e0 (12 bytes)
1618678247.065186 sending message 112 to peer 0x55f577c5d5e0 (12 bytes)
1618678247.065189 sending message 112 to peer 0x55f577c5d5e0 (11 bytes)
1618678247.065191 sending message 112 to peer 0x55f577c5d5e0 (12 bytes)
1618678247.065194 sending message 112 to peer 0x55f577c5d5e0 (12 bytes)
1618678247.065196 sending message 112 to peer 0x55f577c5d5e0 (13 bytes)
1618678247.065199 sending message 112 to peer 0x55f577c5d5e0 (13 bytes)
1618678247.065201 sending message 112 to peer 0x55f577c5d5e0 (13 bytes)
1618678247.065203 sending message 112 to peer 0x55f577c5d5e0 (13 bytes)
1618678247.065206 sending message 112 to peer 0x55f577c5d5e0 (13 bytes)
1618678247.065208 sending message 112 to peer 0x55f577c5d5e0 (10 bytes)
1618678247.065211 sending message 112 to peer 0x55f577c5d5e0 (9 bytes)
1618678247.065213 sending message 112 to peer 0x55f577c5d5e0 (12 bytes)
1618678247.065215 sending message 112 to peer 0x55f577c5d5e0 (13 bytes)
1618678247.065218 sending message 112 to peer 0x55f577c5d5e0 (13 bytes)
1618678247.065220 sending message 112 to peer 0x55f577c5d5e0 (13 bytes)
1618678247.065223 sending message 112 to peer 0x55f577c5d5e0 (13 bytes)
1618678247.065225 sending message 112 to peer 0x55f577c5d5e0 (13 bytes)
1618678247.065227 sending message 112 to peer 0x55f577c5d5e0 (9 bytes)
1618678247.065232 sending message 112 to peer 0x55f577c5d5e0 (12 bytes)
1618678247.065235 sending message 112 to peer 0x55f577c5d5e0 (13 bytes)
1618678247.065238 sending message 112 to peer 0x55f577c5d5e0 (13 bytes)
1618678247.065240 sending message 112 to peer 0x55f577c5d5e0 (13 bytes)
1618678247.065242 sending message 112 to peer 0x55f577c5d5e0 (13 bytes)
1618678247.065245 sending message 112 to peer 0x55f577c5d5e0 (13 bytes)
1618678247.065247 sending message 112 to peer 0x55f577c5d5e0 (11 bytes)
1618678247.065250 sending message 112 to peer 0x55f577c5d5e0 (12 bytes)
1618678247.065252 sending message 112 to peer 0x55f577c5d5e0 (13 bytes)
1618678247.065255 sending message 112 to peer 0x55f577c5d5e0 (13 bytes)
1618678247.065257 sending message 112 to peer 0x55f577c5d5e0 (13 bytes)
1618678247.065259 sending message 112 to peer 0x55f577c5d5e0 (13 bytes)
1618678247.065262 sending message 112 to peer 0x55f577c5d5e0 (13 bytes)
1618678247.065264 sending message 112 to peer 0x55f577c5d5e0 (11 bytes)
1618678247.065267 sending message 112 to peer 0x55f577c5d5e0 (12 bytes)
1618678247.065269 sending message 112 to peer 0x55f577c5d5e0 (12 bytes)
1618678247.065271 sending message 112 to peer 0x55f577c5d5e0 (12 bytes)
1618678247.065274 sending message 112 to peer 0x55f577c5d5e0 (12 bytes)
1618678247.065276 sending message 112 to peer 0x55f577c5d5e0 (12 bytes)
1618678247.065279 sending message 112 to peer 0x55f577c5d5e0 (21 bytes)
1618678247.065281 sending message 112 to peer 0x55f577c5d5e0 (12 bytes)
1618678247.065284 sending message 112 to peer 0x55f577c5d5e0 (9 bytes)
1618678247.065286 sending message 112 to peer 0x55f577c5d5e0 (6 bytes)
1618678247.065289 sending message 112 to peer 0x55f577c5d5e0 (13 bytes)
1618678247.065291 sending message 112 to peer 0x55f577c5d5e0 (10 bytes)
1618678247.065294 sending message 112 to peer 0x55f577c5d5e0 (24 bytes)
1618678247.065296 sending message 112 to peer 0x55f577c5d5e0 (13 bytes)
1618678247.065298 sending message 112 to peer 0x55f577c5d5e0 (9 bytes)
1618678247.065301 sending message 112 to peer 0x55f577c5d5e0 (70 bytes)
1618678247.065303 sending message 112 to peer 0x55f577c5d5e0 (69 bytes)
1618678247.065306 sending message 112 to peer 0x55f577c5d5e0 (12 bytes)
1618678247.065308 sending message 112 to peer 0x55f577c5d5e0 (10 bytes)
1618678247.065321 sending message 112 to peer 0x55f577c5d5e0 (10 bytes)
1618678247.065323 sending message 112 to peer 0x55f577c5d5e0 (24 bytes)
1618678247.065326 sending message 112 to peer 0x55f577c5d5e0 (13 bytes)
1618678247.065328 sending message 112 to peer 0x55f577c5d5e0 (10 bytes)
1618678247.065331 sending message 112 to peer 0x55f577c5d5e0 (10 bytes)
1618678247.065333 sending message 112 to peer 0x55f577c5d5e0 (10 bytes)
1618678247.065336 sending message 112 to peer 0x55f577c5d5e0 (13 bytes)
1618678247.065338 sending message 112 to peer 0x55f577c5d5e0 (9 bytes)
1618678247.065341 sending message 112 to peer 0x55f577c5d5e0 (15 bytes)
1618678247.065343 sending message 112 to peer 0x55f577c5d5e0 (5 bytes)
1618678247.065346 sending message 104 to peer 0x55f577c5d5e0 (0 bytes)
1618678247.065349 sending message 110 to peer 0x55f577c5d5e0 (0 bytes)
1618678247.065353 sending message 107 to peer 0x55f577c5d5e0 (4 bytes)
1618678247.065355 sending message 105 to peer 0x55f577c5d5e0 (39 bytes)
1618678247.065358 sending message 105 to peer 0x55f577c5d5e0 (20 bytes)
1618678247.065361 sending message 105 to peer 0x55f577c5d5e0 (54 bytes)
1618678247.065363 sending message 105 to peer 0x55f577c5d5e0 (22 bytes)
1618678247.065366 sending message 105 to peer 0x55f577c5d5e0 (11 bytes)
1618678247.065368 sending message 105 to peer 0x55f577c5d5e0 (17 bytes)
1618678247.065371 sending message 105 to peer 0x55f577c5d5e0 (21 bytes)
1618678247.065382 sending message 105 to peer 0x55f577c5d5e0 (36 bytes)
1618678247.065385 sending message 105 to peer 0x55f577c5d5e0 (18 bytes)
1618678247.065387 sending message 105 to peer 0x55f577c5d5e0 (47 bytes)
1618678247.065390 sending message 105 to peer 0x55f577c5d5e0 (23 bytes)
1618678247.065392 sending message 105 to peer 0x55f577c5d5e0 (17 bytes)
1618678247.065397 sending message 105 to peer 0x55f577c5d5e0 (15 bytes)
1618678247.065400 sending message 105 to peer 0x55f577c5d5e0 (28 bytes)
1618678247.065403 sending message 105 to peer 0x55f577c5d5e0 (16 bytes)
1618678247.065405 sending message 105 to peer 0x55f577c5d5e0 (15 bytes)
1618678247.065407 sending message 105 to peer 0x55f577c5d5e0 (14 bytes)
1618678247.065410 sending message 105 to peer 0x55f577c5d5e0 (190 bytes)
1618678247.065412 sending message 105 to peer 0x55f577c5d5e0 (26 bytes)
1618678247.065415 sending message 105 to peer 0x55f577c5d5e0 (84 bytes)
1618678247.065417 sending message 105 to peer 0x55f577c5d5e0 (19 bytes)
1618678247.065420 sending message 105 to peer 0x55f577c5d5e0 (8 bytes)
1618678247.065422 sending message 105 to peer 0x55f577c5d5e0 (41 bytes)
1618678247.065425 sending message 105 to peer 0x55f577c5d5e0 (22 bytes)
1618678247.065427 sending message 105 to peer 0x55f577c5d5e0 (15 bytes)
1618678247.065430 sending message 105 to peer 0x55f577c5d5e0 (12 bytes)
1618678247.065432 sending message 105 to peer 0x55f577c5d5e0 (16 bytes)
1618678247.065435 sending message 105 to peer 0x55f577c5d5e0 (18 bytes)
1618678247.065437 sending message 105 to peer 0x55f577c5d5e0 (13 bytes)
1618678247.065439 sending message 105 to peer 0x55f577c5d5e0 (41 bytes)
1618678247.065442 sending message 105 to peer 0x55f577c5d5e0 (26 bytes)
1618678247.065444 sending message 105 to peer 0x55f577c5d5e0 (123 bytes)
1618678247.065447 sending message 105 to peer 0x55f577c5d5e0 (23 bytes)
1618678247.065449 sending message 105 to peer 0x55f577c5d5e0 (31 bytes)
1618678247.065451 sending message 105 to peer 0x55f577c5d5e0 (23 bytes)
1618678247.065454 sending message 105 to peer 0x55f577c5d5e0 (26 bytes)
1618678247.065456 sending message 105 to peer 0x55f577c5d5e0 (21 bytes)
1618678247.065459 sending message 105 to peer 0x55f577c5d5e0 (20 bytes)
1618678247.065461 sending message 105 to peer 0x55f577c5d5e0 (28 bytes)
1618678247.065464 sending message 105 to peer 0x55f577c5d5e0 (11 bytes)
1618678247.065466 sending message 105 to peer 0x55f577c5d5e0 (8 bytes)
1618678247.065469 sending message 105 to peer 0x55f577c5d5e0 (32 bytes)
1618678247.065471 sending message 105 to peer 0x55f577c5d5e0 (11 bytes)
1618678247.065473 sending message 105 to peer 0x55f577c5d5e0 (16 bytes)
1618678247.065476 sending message 106 to peer 0x55f577c5d5e0 (0 bytes)
1618678247.065480 sending message 200 to peer 0x55f577c5d5e0 (4 bytes)
1618678247.065483 client loop enter
1618678247.068237 peer 0x55f577c5d5e0 message 207
1618678247.068246 sending message 208 to peer 0x55f577c5d5e0 (0 bytes)
1618678248.937877 peer 0x55f577c5d5e0 message 203
1618678248.937887 sending message 205 to peer 0x55f577c5d5e0 (0 bytes)
1618678248.938030 peer 0x55f577c5d5e0 message 204
1618678248.938036 client loop exit
